build/app/intermediates/manifest_merge_blame_file/release/manifest-merger-blame-release-report.txt
1<?xml version="1.0" encoding="utf-8"?>
2<manifest xmlns:android="http://schemas.android.com/apk/res/android"
3    package="com.teamAccess.in_covid"
4    android:versionCode="3"
5    android:versionName="1.0.2" >
6
7    <uses-sdk
8        android:minSdkVersion="18"
8-->src\main\AndroidManifest.xml
9        android:targetSdkVersion="30" />
9-->src\main\AndroidManifest.xml
10
11    <uses-permission android:name="android.permission.INTERNET" />
11-->src\main\AndroidManifest.xml:45:5-66
11-->src\main\AndroidManifest.xml:45:22-64
12    <uses-permission android:name="android.permission.WAKE_LOCK" />
12-->[:firebase_messaging] AndroidManifest.xml:8:5-68
12-->[:firebase_messaging] AndroidManifest.xml:8:22-65
13    <uses-permission android:name="android.permission.ACCESS_NETWORK_STATE" /> <!-- Required by older versions of Google Play services to create IID tokens -->
13-->[:firebase_messaging] AndroidManifest.xml:9:5-79
13-->[:firebase_messaging] AndroidManifest.xml:9:22-76
14    <uses-permission android:name="com.google.android.c2dm.permission.RECEIVE" />
14-->[com.google.firebase:firebase-messaging:22.0.0] AndroidManifest.xml:25:5-82
14-->[com.google.firebase:firebase-messaging:22.0.0] AndroidManifest.xml:25:22-79
15
16    <application
16-->src\main\AndroidManifest.xml:4:4-44:19
17        android:appComponentFactory="androidx.core.app.CoreComponentFactory"
17-->[androidx.core:core:1.1.0] AndroidManifest.xml:24:18-86
18        android:icon="@mipmap/ic_launcher"
18-->src\main\AndroidManifest.xml:7:9-43
19        android:label="in-COVID"
19-->src\main\AndroidManifest.xml:6:9-33
20        android:usesCleartextTraffic="true" >
20-->src\main\AndroidManifest.xml:5:4-39
21        <activity
21-->src\main\AndroidManifest.xml:8:9-38:20
22            android:name="com.example.in_covid.MainActivity"
22-->src\main\AndroidManifest.xml:10:13-41
23            android:configChanges="orientation|keyboardHidden|keyboard|screenSize|smallestScreenSize|locale|layoutDirection|fontScale|screenLayout|density|uiMode"
23-->src\main\AndroidManifest.xml:13:13-163
24            android:hardwareAccelerated="true"
24-->src\main\AndroidManifest.xml:14:13-47
25            android:launchMode="singleTop"
25-->src\main\AndroidManifest.xml:11:13-43
26            android:theme="@style/LaunchTheme"
26-->src\main\AndroidManifest.xml:12:13-47
27            android:windowSoftInputMode="adjustResize" >
27-->src\main\AndroidManifest.xml:15:13-55
28
29            <!--
30                 Specifies an Android theme to apply to this Activity as soon as
31                 the Android process has started. This theme is visible to the user
32                 while the Flutter UI initializes. After that, this theme continues
33                 to determine the Window background behind the Flutter UI.
34            -->
35            <meta-data
35-->src\main\AndroidManifest.xml:21:13-24:17
36                android:name="io.flutter.embedding.android.NormalTheme"
36-->src\main\AndroidManifest.xml:22:15-70
37                android:resource="@style/NormalTheme" />
37-->src\main\AndroidManifest.xml:23:15-52
38            <!--
39                 Displays an Android View that continues showing the launch screen
40                 Drawable until Flutter paints its first frame, then this splash
41                 screen fades out. A splash screen is useful to avoid any visual
42                 gap between the end of Android's launch screen and the painting of
43                 Flutter's first frame.
44            -->
45            <meta-data
45-->src\main\AndroidManifest.xml:30:13-33:17
46                android:name="io.flutter.embedding.android.SplashScreenDrawable"
46-->src\main\AndroidManifest.xml:31:15-79
47                android:resource="@drawable/launch_background" />
47-->src\main\AndroidManifest.xml:32:15-61
48
49            <intent-filter>
49-->src\main\AndroidManifest.xml:34:13-37:29
50                <action android:name="android.intent.action.MAIN" />
50-->src\main\AndroidManifest.xml:35:17-68
50-->src\main\AndroidManifest.xml:35:25-66
51
52                <category android:name="android.intent.category.LAUNCHER" />
52-->src\main\AndroidManifest.xml:36:17-76
52-->src\main\AndroidManifest.xml:36:27-74
53            </intent-filter>
54        </activity>
55        <!--
56             Don't delete the meta-data below.
57             This is used by the Flutter tool to generate GeneratedPluginRegistrant.java
58        -->
59        <meta-data
59-->src\main\AndroidManifest.xml:41:9-43:33
60            android:name="flutterEmbedding"
60-->src\main\AndroidManifest.xml:42:13-44
61            android:value="2" />
61-->src\main\AndroidManifest.xml:43:13-30
62
63        <service
63-->[:firebase_messaging] AndroidManifest.xml:12:9-15:72
64            android:name="io.flutter.plugins.firebase.messaging.FlutterFirebaseMessagingBackgroundService"
64-->[:firebase_messaging] AndroidManifest.xml:13:13-107
65            android:exported="false"
65-->[:firebase_messaging] AndroidManifest.xml:14:13-37
66            android:permission="android.permission.BIND_JOB_SERVICE" />
66-->[:firebase_messaging] AndroidManifest.xml:15:13-69
67        <service
67-->[:firebase_messaging] AndroidManifest.xml:16:9-22:19
68            android:name="io.flutter.plugins.firebase.messaging.FlutterFirebaseMessagingService"
68-->[:firebase_messaging] AndroidManifest.xml:17:13-97
69            android:exported="false" >
69-->[:firebase_messaging] AndroidManifest.xml:18:13-37
70            <intent-filter>
70-->[:firebase_messaging] AndroidManifest.xml:19:13-21:29
71                <action android:name="com.google.firebase.MESSAGING_EVENT" />
71-->[:firebase_messaging] AndroidManifest.xml:20:17-78
71-->[:firebase_messaging] AndroidManifest.xml:20:25-75
72            </intent-filter>
73        </service>
74
75        <receiver
75-->[:firebase_messaging] AndroidManifest.xml:24:9-31:20
76            android:name="io.flutter.plugins.firebase.messaging.FlutterFirebaseMessagingReceiver"
76-->[:firebase_messaging] AndroidManifest.xml:25:13-98
77            android:exported="true"
77-->[:firebase_messaging] AndroidManifest.xml:26:13-36
78            android:permission="com.google.android.c2dm.permission.SEND" >
78-->[:firebase_messaging] AndroidManifest.xml:27:13-73
79            <intent-filter>
79-->[:firebase_messaging] AndroidManifest.xml:28:13-30:29
80                <action android:name="com.google.android.c2dm.intent.RECEIVE" />
80-->[:firebase_messaging] AndroidManifest.xml:29:17-81
80-->[:firebase_messaging] AndroidManifest.xml:29:25-78
81            </intent-filter>
82        </receiver>
83
84        <service
84-->[:firebase_messaging] AndroidManifest.xml:33:9-37:19
85            android:name="com.google.firebase.components.ComponentDiscoveryService"
85-->[:firebase_messaging] AndroidManifest.xml:33:18-89
86            android:directBootAware="true"
86-->[com.google.firebase:firebase-common:20.0.0] AndroidManifest.xml:35:13-43
87            android:exported="false" >
87-->[com.google.firebase:firebase-messaging:22.0.0] AndroidManifest.xml:51:13-37
88            <meta-data
88-->[:firebase_messaging] AndroidManifest.xml:34:13-36:85
89                android:name="com.google.firebase.components:io.flutter.plugins.firebase.messaging.FlutterFirebaseAppRegistrar"
89-->[:firebase_messaging] AndroidManifest.xml:35:17-128
90                android:value="com.google.firebase.components.ComponentRegistrar" />
90-->[:firebase_messaging] AndroidManifest.xml:36:17-82
91            <meta-data
91-->[:firebase_core] AndroidManifest.xml:9:13-11:85
92                android:name="com.google.firebase.components:io.flutter.plugins.firebase.core.FlutterFirebaseCoreRegistrar"
92-->[:firebase_core] AndroidManifest.xml:10:17-124
93                android:value="com.google.firebase.components.ComponentRegistrar" />
93-->[:firebase_core] AndroidManifest.xml:11:17-82
94            <meta-data
94-->[com.google.firebase:firebase-messaging:22.0.0] AndroidManifest.xml:52:13-54:85
95                android:name="com.google.firebase.components:com.google.firebase.messaging.FirebaseMessagingRegistrar"
95-->[com.google.firebase:firebase-messaging:22.0.0] AndroidManifest.xml:53:17-119
96                android:value="com.google.firebase.components.ComponentRegistrar" />
96-->[com.google.firebase:firebase-messaging:22.0.0] AndroidManifest.xml:54:17-82
97            <meta-data
97-->[com.google.firebase:firebase-datatransport:18.0.0] AndroidManifest.xml:28:13-30:85
98                android:name="com.google.firebase.components:com.google.firebase.datatransport.TransportRegistrar"
98-->[com.google.firebase:firebase-datatransport:18.0.0] AndroidManifest.xml:29:17-115
99                android:value="com.google.firebase.components.ComponentRegistrar" />
99-->[com.google.firebase:firebase-datatransport:18.0.0] AndroidManifest.xml:30:17-82
100            <meta-data
100-->[com.google.firebase:firebase-installations:17.0.0] AndroidManifest.xml:18:13-20:85
101                android:name="com.google.firebase.components:com.google.firebase.installations.FirebaseInstallationsRegistrar"
101-->[com.google.firebase:firebase-installations:17.0.0] AndroidManifest.xml:19:17-127
102                android:value="com.google.firebase.components.ComponentRegistrar" />
102-->[com.google.firebase:firebase-installations:17.0.0] AndroidManifest.xml:20:17-82
103        </service>
104
105        <provider
105-->[:firebase_messaging] AndroidManifest.xml:39:9-43:38
106            android:name="io.flutter.plugins.firebase.messaging.FlutterFirebaseMessagingInitProvider"
106-->[:firebase_messaging] AndroidManifest.xml:40:13-102
107            android:authorities="com.teamAccess.in_covid.flutterfirebasemessaginginitprovider"
107-->[:firebase_messaging] AndroidManifest.xml:41:13-88
108            android:exported="false"
108-->[:firebase_messaging] AndroidManifest.xml:42:13-37
109            android:initOrder="99" />
109-->[:firebase_messaging] AndroidManifest.xml:43:13-35
110
111        <activity
111-->[:url_launcher] AndroidManifest.xml:8:9-11:74
112            android:name="io.flutter.plugins.urllauncher.WebViewActivity"
112-->[:url_launcher] AndroidManifest.xml:9:13-74
113            android:exported="false"
113-->[:url_launcher] AndroidManifest.xml:10:13-37
114            android:theme="@android:style/Theme.NoTitleBar.Fullscreen" />
114-->[:url_launcher] AndroidManifest.xml:11:13-71
115
116        <receiver
116-->[com.google.firebase:firebase-messaging:22.0.0] AndroidManifest.xml:28:9-35:20
117            android:name="com.google.firebase.iid.FirebaseInstanceIdReceiver"
117-->[com.google.firebase:firebase-messaging:22.0.0] AndroidManifest.xml:29:13-78
118            android:exported="true"
118-->[com.google.firebase:firebase-messaging:22.0.0] AndroidManifest.xml:30:13-36
119            android:permission="com.google.android.c2dm.permission.SEND" >
119-->[com.google.firebase:firebase-messaging:22.0.0] AndroidManifest.xml:31:13-73
120            <intent-filter>
120-->[:firebase_messaging] AndroidManifest.xml:28:13-30:29
121                <action android:name="com.google.android.c2dm.intent.RECEIVE" />
121-->[:firebase_messaging] AndroidManifest.xml:29:17-81
121-->[:firebase_messaging] AndroidManifest.xml:29:25-78
122            </intent-filter>
123        </receiver>
124        <!--
125             FirebaseMessagingService performs security checks at runtime,
126             but set to not exported to explicitly avoid allowing another app to call it.
127        -->
128        <service
128-->[com.google.firebase:firebase-messaging:22.0.0] AndroidManifest.xml:41:9-48:19
129            android:name="com.google.firebase.messaging.FirebaseMessagingService"
129-->[com.google.firebase:firebase-messaging:22.0.0] AndroidManifest.xml:42:13-82
130            android:directBootAware="true"
130-->[com.google.firebase:firebase-messaging:22.0.0] AndroidManifest.xml:43:13-43
131            android:exported="false" >
131-->[com.google.firebase:firebase-messaging:22.0.0] AndroidManifest.xml:44:13-37
132            <intent-filter android:priority="-500" >
132-->[:firebase_messaging] AndroidManifest.xml:19:13-21:29
133                <action android:name="com.google.firebase.MESSAGING_EVENT" />
133-->[:firebase_messaging] AndroidManifest.xml:20:17-78
133-->[:firebase_messaging] AndroidManifest.xml:20:25-75
134            </intent-filter>
135        </service>
136
137        <provider
137-->[com.google.firebase:firebase-common:20.0.0] AndroidManifest.xml:26:9-31:39
138            android:name="com.google.firebase.provider.FirebaseInitProvider"
138-->[com.google.firebase:firebase-common:20.0.0] AndroidManifest.xml:27:13-77
139            android:authorities="com.teamAccess.in_covid.firebaseinitprovider"
139-->[com.google.firebase:firebase-common:20.0.0] AndroidManifest.xml:28:13-72
140            android:directBootAware="true"
140-->[com.google.firebase:firebase-common:20.0.0] AndroidManifest.xml:29:13-43
141            android:exported="false"
141-->[com.google.firebase:firebase-common:20.0.0] AndroidManifest.xml:30:13-37
142            android:initOrder="100" />
142-->[com.google.firebase:firebase-common:20.0.0] AndroidManifest.xml:31:13-36
143
144        <meta-data
144-->[com.google.android.gms:play-services-basement:17.0.0] AndroidManifest.xml:23:9-25:69
145            android:name="com.google.android.gms.version"
145-->[com.google.android.gms:play-services-basement:17.0.0] AndroidManifest.xml:24:13-58
146            android:value="@integer/google_play_services_version" />
146-->[com.google.android.gms:play-services-basement:17.0.0] AndroidManifest.xml:25:13-66
147
148        <service
148-->[com.google.android.datatransport:transport-backend-cct:3.0.0] AndroidManifest.xml:29:9-35:19
149            android:name="com.google.android.datatransport.runtime.backends.TransportBackendDiscovery"
149-->[com.google.android.datatransport:transport-backend-cct:3.0.0] AndroidManifest.xml:30:13-103
150            android:exported="false" >
150-->[com.google.android.datatransport:transport-backend-cct:3.0.0] AndroidManifest.xml:31:13-37
151            <meta-data
151-->[com.google.android.datatransport:transport-backend-cct:3.0.0] AndroidManifest.xml:32:13-34:39
152                android:name="backend:com.google.android.datatransport.cct.CctBackendFactory"
152-->[com.google.android.datatransport:transport-backend-cct:3.0.0] AndroidManifest.xml:33:17-94
153                android:value="cct" />
153-->[com.google.android.datatransport:transport-backend-cct:3.0.0] AndroidManifest.xml:34:17-36
154        </service>
155        <service
155-->[com.google.android.datatransport:transport-runtime:3.0.0] AndroidManifest.xml:26:9-30:19
156            android:name="com.google.android.datatransport.runtime.scheduling.jobscheduling.JobInfoSchedulerService"
156-->[com.google.android.datatransport:transport-runtime:3.0.0] AndroidManifest.xml:27:13-117
157            android:exported="false"
157-->[com.google.android.datatransport:transport-runtime:3.0.0] AndroidManifest.xml:28:13-37
158            android:permission="android.permission.BIND_JOB_SERVICE" >
158-->[com.google.android.datatransport:transport-runtime:3.0.0] AndroidManifest.xml:29:13-69
159        </service>
160
161        <receiver
161-->[com.google.android.datatransport:transport-runtime:3.0.0] AndroidManifest.xml:32:9-34:40
162            android:name="com.google.android.datatransport.runtime.scheduling.jobscheduling.AlarmManagerSchedulerBroadcastReceiver"
162-->[com.google.android.datatransport:transport-runtime:3.0.0] AndroidManifest.xml:33:13-132
163            android:exported="false" />
163-->[com.google.android.datatransport:transport-runtime:3.0.0] AndroidManifest.xml:34:13-37
164    </application>
165
166</manifest>